app/build/intermediates/manifest_merge_blame_file/release/manifest-merger-blame-release-report.txt
1<?xml version="1.0" encoding="utf-8"?>
2<manifest xmlns:android="http://schemas.android.com/apk/res/android"
3    package="in.ac.charusat.pnp.cryptography"
4    android:versionCode="1"
5    android:versionName="1.0" >
6
7    <uses-sdk
8        android:minSdkVersion="21"
8-->src\main\AndroidManifest.xml
9        android:targetSdkVersion="28" />
9-->src\main\AndroidManifest.xml
10
11    <application
11-->src\main\AndroidManifest.xml:5:5-40:19
12        android:allowBackup="true"
12-->src\main\AndroidManifest.xml:6:9-35
13        android:appComponentFactory="android.support.v4.app.CoreComponentFactory"
13-->[com.android.support:support-compat:28.0.0] AndroidManifest.xml:22:18-91
14        android:icon="@drawable/cryptography"
14-->src\main\AndroidManifest.xml:7:9-46
15        android:label="@string/app_name"
15-->src\main\AndroidManifest.xml:8:9-41
16        android:roundIcon="@mipmap/ic_launcher"
16-->src\main\AndroidManifest.xml:9:9-48
17        android:supportsRtl="true"
17-->src\main\AndroidManifest.xml:10:9-35
18        android:theme="@style/AppTheme" >
18-->src\main\AndroidManifest.xml:11:9-40
19        <activity
19-->src\main\AndroidManifest.xml:13:9-23:20
20            android:name="cryptocalsi.it.cspit.charusat.crypto.MainActivity"
20-->src\main\AndroidManifest.xml:14:13-41
21            android:configChanges="orientation"
21-->src\main\AndroidManifest.xml:17:13-48
22            android:screenOrientation="portrait"
22-->src\main\AndroidManifest.xml:18:13-49
23            android:theme="@style/AppTheme.NoActionBar" >
23-->src\main\AndroidManifest.xml:15:13-56
24            <intent-filter>
24-->src\main\AndroidManifest.xml:20:13-22:29
25                <action android:name="android.intent.action.MAIN" />
25-->src\main\AndroidManifest.xml:21:17-69
25-->src\main\AndroidManifest.xml:21:25-66
26            </intent-filter>
27        </activity>
28        <activity
28-->src\main\AndroidManifest.xml:25:9-35:20
29            android:name="cryptocalsi.it.cspit.charusat.crypto.Splash_Screen"
29-->src\main\AndroidManifest.xml:25:19-48
30            android:configChanges="orientation"
30-->src\main\AndroidManifest.xml:27:13-48
31            android:screenOrientation="portrait"
31-->src\main\AndroidManifest.xml:28:13-49
32            android:theme="@style/Theme.AppCompat.Light.NoActionBar" >
32-->src\main\AndroidManifest.xml:26:13-69
33            <intent-filter>
33-->src\main\AndroidManifest.xml:30:13-34:29
34                <action android:name="android.intent.action.MAIN" />
34-->src\main\AndroidManifest.xml:21:17-69
34-->src\main\AndroidManifest.xml:21:25-66
35
36                <category android:name="android.intent.category.LAUNCHER" />
36-->src\main\AndroidManifest.xml:33:17-77
36-->src\main\AndroidManifest.xml:33:27-74
37            </intent-filter>
38        </activity>
39
40        <meta-data
40-->src\main\AndroidManifest.xml:37:9-39:57
41            android:name="preloaded_fonts"
41-->src\main\AndroidManifest.xml:38:13-43
42            android:resource="@array/preloaded_fonts" />
42-->src\main\AndroidManifest.xml:39:13-54
43    </application>
44
45</manifest>